<?xml version="1.0" encoding="UTF-8"?>
<!-- Generated by org.testng.reporters.JUnitReportReporter -->
<testsuite hostname="PF13BQ0ZKATYALD" failures="0" tests="3" name="donationInfo.donations" time="7.189" errors="0" timestamp="18 Feb 2020 13:04:41 GMT">
  <testcase classname="donationInfo.donations" name="Assert200" time="4.494"/>
  <testcase classname="donationInfo.donations" name="Assert401" time="1.322"/>
  <testcase classname="donationInfo.donations" name="Assert400" time="1.373"/>
</testsuite> <!-- donationInfo.donations -->
