<?xml version="1.0" encoding="UTF-8"?>
<!-- Generated by org.testng.reporters.JUnitReportReporter -->
<testsuite hostname="PF13BQ0ZKATYALD" failures="0" tests="3" name="donationInfo.donations" time="5.651" errors="0" timestamp="20 Feb 2020 09:50:06 GMT">
  <testcase classname="donationInfo.donations" name="Assert401" time="1.432"/>
  <testcase classname="donationInfo.donations" name="Assert200" time="2.154"/>
  <testcase classname="donationInfo.donations" name="Assert400" time="2.065"/>
</testsuite> <!-- donationInfo.donations -->
