<?xml version="1.0" encoding="UTF-8"?>
<!-- Generated by org.testng.reporters.JUnitReportReporter -->
<testsuite hostname="PF13BQ0ZKATYALD" failures="0" tests="2" name="testinfo.gridLayout" time="1.363" errors="0" timestamp="8 Feb 2020 10:31:57 GMT">
  <testcase classname="testinfo.gridLayout" name="TestGet401" time="0.562"/>
  <testcase classname="testinfo.gridLayout" name="TestGet200" time="0.801"/>
</testsuite> <!-- testinfo.gridLayout -->
