<?xml version="1.0" encoding="UTF-8"?>
<!-- Generated by org.testng.reporters.JUnitReportReporter -->
<testsuite hostname="G25WXC2NAIKN" name="donationInfo.Donations" tests="1" failures="0" timestamp="17 Feb 2020 04:42:59 GMT" time="3.588" errors="0">
  <testcase name="Assert200" time="3.588" classname="donationInfo.Donations"/>
</testsuite> <!-- donationInfo.Donations -->
